> JustEmuTarkov 0.7.4 RC.11  <
> https://justemutarkov.github.io/  <
> Starting listening on http://127.0.0.1:1337
[INFO][IP>::ffff:192.168.1.115]<POST>[Profile:0][Req:/client/languages]
{"crc":0}
[INFO][IP>::ffff:192.168.1.115]<POST>[Profile:0][Req:/client/menu/locale/en]
{"crc":0}
[INFO][IP>::ffff:192.168.1.115]<POST>[Profile:0][Req:/client/game/version/validate]
{"version":{"major":"0.11.7.4174","minor":"live","game":"live","backend":"6","taxonomy":"341"},"develop":true}
[INFO][IP>::ffff:192.168.1.115]<POST>[Profile:0][Req:/client/game/login]
{"email":"user0@jet.com","pass":"password","version":{"major":"0.11.7.4174","minor":"live","game":"live","backend":"6","taxonomy":"341"},"device_id":"6318147ec00ff8ffbad63814352c56f0","develop":true,"sec":1}
[INFO][IP>::ffff:127.0.0.1]<POST>[Profile:0][Req:/client/game/keepalive]
{}
[INFO][IP>::ffff:127.0.0.1]<POST>[Profile:0][Req:/client/items]
{"crc":821122550}
[INFO][IP>::ffff:127.0.0.1]<POST>[Profile:0][Req:/client/globals]
{"crc":0}
[INFO][IP>::ffff:127.0.0.1]<POST>[Profile:0][Req:/client/game/profile/list]
{}
[INFO][IP>::ffff:127.0.0.1]<POST>[Profile:0][Req:/client/weather]
{}
[INFO][IP>::ffff:127.0.0.1]<POST>[Profile:0][Req:/client/locations]
{"crc":27341411}
[INFO][IP>::ffff:127.0.0.1]<POST>[Profile:0][Req:/client/locale/en]
[INFO][IP>::ffff:127.0.0.1]<POST>[Profile:0][Req:/client/game/profile/select]
{"uid":"5c71b934354682353958e984"}
{"crc":2863236201}
[INFO][IP>::ffff:127.0.0.1]<POST>[Profile:0][Req:/client/profile/status]
{}
[INFO][IP>::ffff:127.0.0.1]<POST>[Profile:0][Req:/client/handbook/templates]
{}
[INFO][IP>::ffff:127.0.0.1]<POST>[Profile:0][Req:/client/quest/list]
{"completed":true}
[INFO][IP>::ffff:127.0.0.1]<POST>[Profile:0][Req:/client/notifier/channel/create]
{}
[INFO][IP>::ffff:127.0.0.1]<GET>[Req:/?last_id=default_id]
[INFO][IP>::ffff:127.0.0.1]<POST>[Profile:0][Req:/client/game/profile/list]
{}
[INFO][IP>::ffff:127.0.0.1]<POST>[Profile:0][Req:/client/mail/dialog/list]
{"limit":30,"offset":0}
[INFO][IP>::ffff:127.0.0.1]<POST>[Profile:0][Req:/client/friend/list]
{}
[INFO][IP>::ffff:127.0.0.1]<POST>[Profile:0][Req:/client/friend/request/list/outbox]
[INFO][IP>::ffff:127.0.0.1]<POST>[Profile:0][Req:/client/friend/request/list/inbox]
{}
{}
[INFO][IP>::ffff:127.0.0.1]<POST>[Profile:0][Req:/client/server/list]
[INFO][IP>::ffff:127.0.0.1]<POST>[Profile:0][Req:/client/trading/api/getTradersList]
{}
{}
[INFO][IP>::ffff:127.0.0.1]<POST>[Profile:0][Req:/client/trading/api/getTrader/3_fence]
[INFO][IP>::ffff:127.0.0.1]<POST>[Profile:0][Req:/client/trading/api/getTrader/4_skier]
[INFO][IP>::ffff:127.0.0.1]<POST>[Profile:0][Req:/client/trading/api/getTrader/1_prapor]
[INFO][IP>::ffff:127.0.0.1]<POST>[Profile:0][Req:/client/trading/api/getTrader/6_mechanic]
[INFO][IP>::ffff:127.0.0.1]<POST>[Profile:0][Req:/client/trading/api/getTrader/5_peacekeeper]
[INFO][IP>::ffff:127.0.0.1]<POST>[Profile:0][Req:/client/trading/api/getTrader/7_ragman]
[INFO][IP>::ffff:127.0.0.1]<POST>[Profile:0][Req:/client/trading/api/getTrader/91_everythingTrader]
{}
{}
{}
{}
{}
{}
{}
[INFO][IP>::ffff:127.0.0.1]<POST>[Profile:0][Req:/client/trading/api/getTrader/8_PresetTrader]
[INFO][IP>::ffff:127.0.0.1]<POST>[Profile:0][Req:/client/trading/api/getTrader/92_SecretTrader]
[INFO][IP>::ffff:127.0.0.1]<POST>[Profile:0][Req:/client/trading/api/getTrader/2_therapist]
{}
{}
{}
[INFO][IP>::ffff:127.0.0.1]<POST>[Profile:0][Req:/client/trading/api/getTraderAssort/91_everythingTrader]
{}
[INFO][IP>::ffff:127.0.0.1]<POST>[Profile:0][Req:/client/trading/api/getUserAssortPrice/trader/91_everythingTrader]
{}
[INFO][IP>::ffff:127.0.0.1]<POST>[Profile:0][Req:/client/game/profile/items/moving]
{"data":[{"Action":"TradingConfirm","type":"buy_from_trader","tid":"91_everythingTrader","item_id":"57347ca924597744596b4e71","count":1,"scheme_id":0,"scheme_items":[{"id":"1555817317657517113","count":1}]}],"tm":1}
Items taken. Status OK.
Bought item: 57347ca924597744596b4e71
[
  [
    0, 0, 0, 0, 0,
    0, 0, 0, 0, 1
  ],
  [
    0, 0, 0, 0, 0,
    0, 0, 0, 0, 0
  ],
  [
    0, 0, 0, 0, 0,
    0, 0, 0, 0, 0
  ],
  [
    0, 0, 0, 0, 0,
    0, 0, 0, 0, 0
  ],
  [
    0, 0, 0, 0, 0,
    0, 0, 0, 0, 0
  ],
  [
    0, 0, 0, 0, 0,
    0, 0, 0, 0, 0
  ],
  [
    0, 0, 0, 0, 0,
    0, 0, 0, 0, 0
  ],
  [
    0, 0, 0, 0, 0,
    0, 0, 0, 0, 0
  ],
  [
    0, 0, 0, 0, 0,
    0, 0, 0, 0, 0
  ],
  [
    0, 0, 0, 0, 0,
    0, 0, 0, 0, 0
  ],
  [
    0, 0, 0, 0, 0,
    0, 0, 0, 0, 0
  ],
  [
    0, 0, 0, 0, 0,
    0, 0, 0, 0, 0
  ],
  [
    0, 0, 0, 0, 0,
    0, 0, 0, 0, 0
  ],
  [
    0, 0, 0, 0, 0,
    0, 0, 0, 0, 0
  ],
  [
    0, 0, 0, 0, 0,
    0, 0, 0, 0, 0
  ],
  [
    0, 0, 0, 0, 0,
    0, 0, 0, 0, 0
  ],
  [
    0, 0, 0, 0, 0,
    0, 0, 0, 0, 0
  ],
  [
    0, 0, 0, 0, 0,
    0, 0, 0, 0, 0
  ],
  [
    0, 0, 0, 0, 0,
    0, 0, 0, 0, 0
  ],
  [
    0, 0, 0, 0, 0,
    0, 0, 0, 0, 0
  ],
  [
    0, 0, 0, 0, 0,
    0, 0, 0, 0, 0
  ],
  [
    0, 0, 0, 0, 0,
    0, 0, 0, 0, 0
  ],
  [
    0, 0, 0, 0, 0,
    0, 0, 0, 0, 0
  ],
  [
    0, 0, 0, 0, 0,
    0, 0, 0, 0, 0
  ],
  [
    0, 0, 0, 0, 0,
    0, 0, 0, 0, 0
  ],
  [
    0, 0, 0, 0, 0,
    0, 0, 0, 0, 0
  ]
]
Item placed at position [0,0]
[INFO][IP>::ffff:127.0.0.1]<POST>[Profile:0][Req:/client/trading/api/getTraderAssort/91_everythingTrader]
{}
[INFO][IP>::ffff:127.0.0.1]<POST>[Profile:0][Req:/client/trading/api/getUserAssortPrice/trader/91_everythingTrader]
{}
[INFO][IP>::ffff:127.0.0.1]<POST>[Profile:0][Req:/client/game/profile/items/moving]
{"data":[{"Action":"TradingConfirm","type":"buy_from_trader","tid":"91_everythingTrader","item_id":"57347c2e24597744902c94a1","count":1,"scheme_id":0,"scheme_items":[{"id":"1555817317657517113","count":1}]}],"tm":1}
Items taken. Status OK.
Bought item: 57347c2e24597744902c94a1
[
  [
    1, 1, 0, 0, 0,
    0, 0, 0, 0, 1
  ],
  [
    0, 0, 0, 0, 0,
    0, 0, 0, 0, 0
  ],
  [
    0, 0, 0, 0, 0,
    0, 0, 0, 0, 0
  ],
  [
    0, 0, 0, 0, 0,
    0, 0, 0, 0, 0
  ],
  [
    0, 0, 0, 0, 0,
    0, 0, 0, 0, 0
  ],
  [
    0, 0, 0, 0, 0,
    0, 0, 0, 0, 0
  ],
  [
    0, 0, 0, 0, 0,
    0, 0, 0, 0, 0
  ],
  [
    0, 0, 0, 0, 0,
    0, 0, 0, 0, 0
  ],
  [
    0, 0, 0, 0, 0,
    0, 0, 0, 0, 0
  ],
  [
    0, 0, 0, 0, 0,
    0, 0, 0, 0, 0
  ],
  [
    0, 0, 0, 0, 0,
    0, 0, 0, 0, 0
  ],
  [
    0, 0, 0, 0, 0,
    0, 0, 0, 0, 0
  ],
  [
    0, 0, 0, 0, 0,
    0, 0, 0, 0, 0
  ],
  [
    0, 0, 0, 0, 0,
    0, 0, 0, 0, 0
  ],
  [
    0, 0, 0, 0, 0,
    0, 0, 0, 0, 0
  ],
  [
    0, 0, 0, 0, 0,
    0, 0, 0, 0, 0
  ],
  [
    0, 0, 0, 0, 0,
    0, 0, 0, 0, 0
  ],
  [
    0, 0, 0, 0, 0,
    0, 0, 0, 0, 0
  ],
  [
    0, 0, 0, 0, 0,
    0, 0, 0, 0, 0
  ],
  [
    0, 0, 0, 0, 0,
    0, 0, 0, 0, 0
  ],
  [
    0, 0, 0, 0, 0,
    0, 0, 0, 0, 0
  ],
  [
    0, 0, 0, 0, 0,
    0, 0, 0, 0, 0
  ],
  [
    0, 0, 0, 0, 0,
    0, 0, 0, 0, 0
  ],
  [
    0, 0, 0, 0, 0,
    0, 0, 0, 0, 0
  ],
  [
    0, 0, 0, 0, 0,
    0, 0, 0, 0, 0
  ],
  [
    0, 0, 0, 0, 0,
    0, 0, 0, 0, 0
  ]
]
Item placed at position [2,0]
[INFO][IP>::ffff:127.0.0.1]<POST>[Profile:0][Req:/client/trading/api/getTraderAssort/91_everythingTrader]
{}
[INFO][IP>::ffff:127.0.0.1]<POST>[Profile:0][Req:/client/trading/api/getUserAssortPrice/trader/91_everythingTrader]
{}
[INFO][IP>::ffff:127.0.0.1]<POST>[Profile:0][Req:/client/game/profile/items/moving]
{"data":[{"Action":"TradingConfirm","type":"buy_from_trader","tid":"91_everythingTrader","item_id":"59e3596386f774176c10a2a2","count":1,"scheme_id":0,"scheme_items":[{"id":"1555817317657517113","count":1}]}],"tm":1}
Items taken. Status OK.
Bought item: 59e3596386f774176c10a2a2
[
  [
    1, 1, 1, 1, 0,
    0, 0, 0, 0, 1
  ],
  [
    0, 0, 1, 1, 0,
    0, 0, 0, 0, 0
  ],
  [
    0, 0, 0, 0, 0,
    0, 0, 0, 0, 0
  ],
  [
    0, 0, 0, 0, 0,
    0, 0, 0, 0, 0
  ],
  [
    0, 0, 0, 0, 0,
    0, 0, 0, 0, 0
  ],
  [
    0, 0, 0, 0, 0,
    0, 0, 0, 0, 0
  ],
  [
    0, 0, 0, 0, 0,
    0, 0, 0, 0, 0
  ],
  [
    0, 0, 0, 0, 0,
    0, 0, 0, 0, 0
  ],
  [
    0, 0, 0, 0, 0,
    0, 0, 0, 0, 0
  ],
  [
    0, 0, 0, 0, 0,
    0, 0, 0, 0, 0
  ],
  [
    0, 0, 0, 0, 0,
    0, 0, 0, 0, 0
  ],
  [
    0, 0, 0, 0, 0,
    0, 0, 0, 0, 0
  ],
  [
    0, 0, 0, 0, 0,
    0, 0, 0, 0, 0
  ],
  [
    0, 0, 0, 0, 0,
    0, 0, 0, 0, 0
  ],
  [
    0, 0, 0, 0, 0,
    0, 0, 0, 0, 0
  ],
  [
    0, 0, 0, 0, 0,
    0, 0, 0, 0, 0
  ],
  [
    0, 0, 0, 0, 0,
    0, 0, 0, 0, 0
  ],
  [
    0, 0, 0, 0, 0,
    0, 0, 0, 0, 0
  ],
  [
    0, 0, 0, 0, 0,
    0, 0, 0, 0, 0
  ],
  [
    0, 0, 0, 0, 0,
    0, 0, 0, 0, 0
  ],
  [
    0, 0, 0, 0, 0,
    0, 0, 0, 0, 0
  ],
  [
    0, 0, 0, 0, 0,
    0, 0, 0, 0, 0
  ],
  [
    0, 0, 0, 0, 0,
    0, 0, 0, 0, 0
  ],
  [
    0, 0, 0, 0, 0,
    0, 0, 0, 0, 0
  ],
  [
    0, 0, 0, 0, 0,
    0, 0, 0, 0, 0
  ],
  [
    0, 0, 0, 0, 0,
    0, 0, 0, 0, 0
  ]
]
Item placed at position [4,0]
[INFO][IP>::ffff:127.0.0.1]<POST>[Profile:0][Req:/client/trading/api/getTraderAssort/91_everythingTrader]
{}
[INFO][IP>::ffff:127.0.0.1]<POST>[Profile:0][Req:/client/trading/api/getUserAssortPrice/trader/91_everythingTrader]
{}
[INFO][IP>::ffff:127.0.0.1]<POST>[Profile:0][Req:/client/game/profile/items/moving]
{"data":[{"Action":"TradingConfirm","type":"buy_from_trader","tid":"91_everythingTrader","item_id":"59e3658a86f7741776641ac4","count":1,"scheme_id":0,"scheme_items":[{"id":"1555817317657517113","count":1}]}],"tm":1}
Items taken. Status OK.
Bought item: 59e3658a86f7741776641ac4
[
  [
    1, 1, 1, 1, 1,
    0, 0, 0, 0, 1
  ],
  [
    0, 0, 1, 1, 1,
    0, 0, 0, 0, 0
  ],
  [
    0, 0, 0, 0, 0,
    0, 0, 0, 0, 0
  ],
  [
    0, 0, 0, 0, 0,
    0, 0, 0, 0, 0
  ],
  [
    0, 0, 0, 0, 0,
    0, 0, 0, 0, 0
  ],
  [
    0, 0, 0, 0, 0,
    0, 0, 0, 0, 0
  ],
  [
    0, 0, 0, 0, 0,
    0, 0, 0, 0, 0
  ],
  [
    0, 0, 0, 0, 0,
    0, 0, 0, 0, 0
  ],
  [
    0, 0, 0, 0, 0,
    0, 0, 0, 0, 0
  ],
  [
    0, 0, 0, 0, 0,
    0, 0, 0, 0, 0
  ],
  [
    0, 0, 0, 0, 0,
    0, 0, 0, 0, 0
  ],
  [
    0, 0, 0, 0, 0,
    0, 0, 0, 0, 0
  ],
  [
    0, 0, 0, 0, 0,
    0, 0, 0, 0, 0
  ],
  [
    0, 0, 0, 0, 0,
    0, 0, 0, 0, 0
  ],
  [
    0, 0, 0, 0, 0,
    0, 0, 0, 0, 0
  ],
  [
    0, 0, 0, 0, 0,
    0, 0, 0, 0, 0
  ],
  [
    0, 0, 0, 0, 0,
    0, 0, 0, 0, 0
  ],
  [
    0, 0, 0, 0, 0,
    0, 0, 0, 0, 0
  ],
  [
    0, 0, 0, 0, 0,
    0, 0, 0, 0, 0
  ],
  [
    0, 0, 0, 0, 0,
    0, 0, 0, 0, 0
  ],
  [
    0, 0, 0, 0, 0,
    0, 0, 0, 0, 0
  ],
  [
    0, 0, 0, 0, 0,
    0, 0, 0, 0, 0
  ],
  [
    0, 0, 0, 0, 0,
    0, 0, 0, 0, 0
  ],
  [
    0, 0, 0, 0, 0,
    0, 0, 0, 0, 0
  ],
  [
    0, 0, 0, 0, 0,
    0, 0, 0, 0, 0
  ],
  [
    0, 0, 0, 0, 0,
    0, 0, 0, 0, 0
  ]
]
Item placed at position [5,0]
[INFO][IP>::ffff:127.0.0.1]<POST>[Profile:0][Req:/client/trading/api/getTraderAssort/91_everythingTrader]
{}
[INFO][IP>::ffff:127.0.0.1]<POST>[Profile:0][Req:/client/trading/api/getUserAssortPrice/trader/91_everythingTrader]
{}
[INFO][IP>::ffff:127.0.0.1]<POST>[Profile:0][Req:/client/trading/api/getTrader/1_prapor]
[INFO][IP>::ffff:127.0.0.1]<POST>[Profile:0][Req:/client/trading/api/getTrader/8_PresetTrader]
[INFO][IP>::ffff:127.0.0.1]<POST>[Profile:0][Req:/client/trading/api/getTrader/92_SecretTrader]
[INFO][IP>::ffff:127.0.0.1]<POST>[Profile:0][Req:/client/trading/api/getTrader/3_fence]
[INFO][IP>::ffff:127.0.0.1]<POST>[Profile:0][Req:/client/trading/api/getTrader/5_peacekeeper]
[INFO][IP>::ffff:127.0.0.1]<POST>[Profile:0][Req:/client/trading/api/getTrader/91_everythingTrader]
[INFO][IP>::ffff:127.0.0.1]<POST>[Profile:0][Req:/client/trading/api/getTrader/2_therapist]
{}
{}
{}
{}
{}
{}
{}
[INFO][IP>::ffff:127.0.0.1]<POST>[Profile:0][Req:/client/trading/api/getTrader/4_skier]
[INFO][IP>::ffff:127.0.0.1]<POST>[Profile:0][Req:/client/trading/api/getTrader/6_mechanic]
[INFO][IP>::ffff:127.0.0.1]<POST>[Profile:0][Req:/client/trading/api/getTrader/7_ragman]
{}
{}
{}
[INFO][IP>::ffff:127.0.0.1]<POST>[Profile:0][Req:/client/trading/api/getTraderAssort/5_peacekeeper]
{}
[INFO][IP>::ffff:127.0.0.1]<POST>[Profile:0][Req:/client/trading/api/getUserAssortPrice/trader/5_peacekeeper]
{}
[INFO][IP>::ffff:127.0.0.1]<POST>[Profile:0][Req:/client/trading/api/getTrader/91_everythingTrader]
[INFO][IP>::ffff:127.0.0.1]<POST>[Profile:0][Req:/client/trading/api/getTrader/7_ragman]
[INFO][IP>::ffff:127.0.0.1]<POST>[Profile:0][Req:/client/trading/api/getTrader/2_therapist]
[INFO][IP>::ffff:127.0.0.1]<POST>[Profile:0][Req:/client/trading/api/getTrader/1_prapor]
[INFO][IP>::ffff:127.0.0.1]<POST>[Profile:0][Req:/client/trading/api/getTrader/4_skier]
[INFO][IP>::ffff:127.0.0.1]<POST>[Profile:0][Req:/client/trading/api/getTrader/92_SecretTrader]
[INFO][IP>::ffff:127.0.0.1]<POST>[Profile:0][Req:/client/trading/api/getTrader/6_mechanic]
[INFO][IP>::ffff:127.0.0.1]<POST>[Profile:0][Req:/client/trading/api/getTrader/5_peacekeeper]
[INFO][IP>::ffff:127.0.0.1]<POST>[Profile:0][Req:/client/trading/api/getTrader/8_PresetTrader]
{}
{}
{}
{}
{}
{}
{}
{}
{}
[INFO][IP>::ffff:127.0.0.1]<POST>[Profile:0][Req:/client/trading/api/getTrader/3_fence]
{}
[INFO][IP>::ffff:127.0.0.1]<POST>[Profile:0][Req:/client/trading/api/getTraderAssort/1_prapor]
{}
[INFO][IP>::ffff:127.0.0.1]<POST>[Profile:0][Req:/client/trading/api/getUserAssortPrice/trader/1_prapor]
{}
[INFO][IP>::ffff:127.0.0.1]<POST>[Profile:0][Req:/client/trading/api/getTrader/7_ragman]
[INFO][IP>::ffff:127.0.0.1]<POST>[Profile:0][Req:/client/trading/api/getTrader/2_therapist]
[INFO][IP>::ffff:127.0.0.1]<POST>[Profile:0][Req:/client/trading/api/getTrader/3_fence]
[INFO][IP>::ffff:127.0.0.1]<POST>[Profile:0][Req:/client/trading/api/getTrader/4_skier]
[INFO][IP>::ffff:127.0.0.1]<POST>[Profile:0][Req:/client/trading/api/getTrader/92_SecretTrader]
[INFO][IP>::ffff:127.0.0.1]<POST>[Profile:0][Req:/client/trading/api/getTrader/8_PresetTrader]
{}
{}
{}
{}
{}
{}
[INFO][IP>::ffff:127.0.0.1]<POST>[Profile:0][Req:/client/trading/api/getTrader/1_prapor]
[INFO][IP>::ffff:127.0.0.1]<POST>[Profile:0][Req:/client/trading/api/getTrader/6_mechanic]
[INFO][IP>::ffff:127.0.0.1]<POST>[Profile:0][Req:/client/trading/api/getTrader/91_everythingTrader]
[INFO][IP>::ffff:127.0.0.1]<POST>[Profile:0][Req:/client/trading/api/getTrader/5_peacekeeper]
{}
{}
{}
{}
[INFO][IP>::ffff:127.0.0.1]<POST>[Profile:0][Req:/client/ragfair/search]
{"page":0,"limit":15,"sortType":5,"sortDirection":0,"currency":0,"priceFrom":0,"priceTo":0,"quantityFrom":0,"quantityTo":0,"conditionFrom":0,"conditionTo":100,"oneHourExpiration":false,"onlyPrioritized":false,"removeBartering":false,"removeMerchantOffers":false,"onlyFunctional":true,"updateOfferCount":true,"handbookId":"5b5f78dc86f77409407a7f8e","linkedSearchId":"","neededSearchId":"","tm":1}
[INFO][IP>::ffff:127.0.0.1]<POST>[Profile:0][Req:/client/ragfair/search]
{"page":0,"limit":15,"sortType":5,"sortDirection":0,"currency":0,"priceFrom":0,"priceTo":0,"quantityFrom":0,"quantityTo":0,"conditionFrom":0,"conditionTo":100,"oneHourExpiration":false,"onlyPrioritized":false,"removeBartering":false,"removeMerchantOffers":false,"onlyFunctional":true,"updateOfferCount":false,"handbookId":"5b5f78e986f77447ed5636b1","linkedSearchId":"","neededSearchId":"","tm":1}
[INFO][IP>::ffff:127.0.0.1]<POST>[Profile:0][Req:/client/ragfair/search]
{"page":0,"limit":15,"sortType":5,"sortDirection":0,"currency":0,"priceFrom":0,"priceTo":0,"quantityFrom":0,"quantityTo":0,"conditionFrom":0,"conditionTo":100,"oneHourExpiration":false,"onlyPrioritized":false,"removeBartering":false,"removeMerchantOffers":false,"onlyFunctional":true,"updateOfferCount":false,"handbookId":"5c07c60e0db834002330051f","linkedSearchId":"","neededSearchId":"","tm":1}
[INFO][IP>::ffff:127.0.0.1]<POST>[Profile:0][Req:/client/notifier/channel/create]
{}
[INFO][IP>::ffff:127.0.0.1]<GET>[Req:/?last_id=default_id]
[INFO][IP>::ffff:127.0.0.1]<POST>[Profile:0][Req:/client/ragfair/search]
{"page":0,"limit":15,"sortType":5,"sortDirection":0,"currency":0,"priceFrom":0,"priceTo":0,"quantityFrom":0,"quantityTo":0,"conditionFrom":0,"conditionTo":100,"oneHourExpiration":false,"onlyPrioritized":false,"removeBartering":false,"removeMerchantOffers":false,"onlyFunctional":true,"updateOfferCount":true,"handbookId":"5c07c60e0db834002330051f","linkedSearchId":"","neededSearchId":"","tm":1}
[INFO][IP>::ffff:127.0.0.1]<POST>[Profile:0][Req:/client/ragfair/search]
{"page":0,"limit":15,"sortType":5,"sortDirection":0,"currency":0,"priceFrom":0,"priceTo":0,"quantityFrom":0,"quantityTo":0,"conditionFrom":0,"conditionTo":100,"oneHourExpiration":false,"onlyPrioritized":false,"removeBartering":false,"removeMerchantOffers":false,"onlyFunctional":true,"updateOfferCount":true,"handbookId":"5c07c60e0db834002330051f","linkedSearchId":"","neededSearchId":"","tm":1}
